mode: atomic
github.com/tomtom215/lyrebirdaudio-go/internal/audio/detector.go:33.40,35.2 1 3
github.com/tomtom215/lyrebirdaudio-go/internal/audio/detector.go:43.40,44.22 1 0
github.com/tomtom215/lyrebirdaudio-go/internal/audio/detector.go:44.22,46.3 1 0
github.com/tomtom215/lyrebirdaudio-go/internal/audio/detector.go:49.2,61.44 5 0
github.com/tomtom215/lyrebirdaudio-go/internal/audio/detector.go:77.58,79.55 1 4
github.com/tomtom215/lyrebirdaudio-go/internal/audio/detector.go:79.55,81.3 1 1
github.com/tomtom215/lyrebirdaudio-go/internal/audio/detector.go:84.2,86.16 3 3
github.com/tomtom215/lyrebirdaudio-go/internal/audio/detector.go:86.16,88.3 1 0
github.com/tomtom215/lyrebirdaudio-go/internal/audio/detector.go:90.2,92.35 2 3
github.com/tomtom215/lyrebirdaudio-go/internal/audio/detector.go:92.35,97.17 4 3
github.com/tomtom215/lyrebirdaudio-go/internal/audio/detector.go:97.17,98.12 1 0
github.com/tomtom215/lyrebirdaudio-go/internal/audio/detector.go:102.3,103.55 2 3
github.com/tomtom215/lyrebirdaudio-go/internal/audio/detector.go:103.55,104.12 1 1
github.com/tomtom215/lyrebirdaudio-go/internal/audio/detector.go:108.3,109.17 2 2
github.com/tomtom215/lyrebirdaudio-go/internal/audio/detector.go:109.17,110.12 1 0
github.com/tomtom215/lyrebirdaudio-go/internal/audio/detector.go:113.3,113.33 1 2
github.com/tomtom215/lyrebirdaudio-go/internal/audio/detector.go:116.2,116.21 1 3
github.com/tomtom215/lyrebirdaudio-go/internal/audio/detector.go:135.72,139.52 2 5
github.com/tomtom215/lyrebirdaudio-go/internal/audio/detector.go:139.52,141.3 1 1
github.com/tomtom215/lyrebirdaudio-go/internal/audio/detector.go:144.2,145.54 2 4
github.com/tomtom215/lyrebirdaudio-go/internal/audio/detector.go:145.54,147.3 1 0
github.com/tomtom215/lyrebirdaudio-go/internal/audio/detector.go:150.2,151.16 2 4
github.com/tomtom215/lyrebirdaudio-go/internal/audio/detector.go:151.16,153.3 1 0
github.com/tomtom215/lyrebirdaudio-go/internal/audio/detector.go:154.2,158.16 3 4
github.com/tomtom215/lyrebirdaudio-go/internal/audio/detector.go:158.16,160.3 1 0
github.com/tomtom215/lyrebirdaudio-go/internal/audio/detector.go:163.2,166.16 4 4
github.com/tomtom215/lyrebirdaudio-go/internal/audio/detector.go:166.16,168.3 1 4
github.com/tomtom215/lyrebirdaudio-go/internal/audio/detector.go:171.2,171.16 1 4
github.com/tomtom215/lyrebirdaudio-go/internal/audio/detector.go:171.16,173.3 1 0
github.com/tomtom215/lyrebirdaudio-go/internal/audio/detector.go:177.2,186.8 2 4
github.com/tomtom215/lyrebirdaudio-go/internal/audio/detector.go:199.71,201.21 2 9
github.com/tomtom215/lyrebirdaudio-go/internal/audio/detector.go:201.21,203.3 1 2
github.com/tomtom215/lyrebirdaudio-go/internal/audio/detector.go:205.2,209.47 3 7
github.com/tomtom215/lyrebirdaudio-go/internal/audio/detector.go:209.47,211.3 1 1
github.com/tomtom215/lyrebirdaudio-go/internal/audio/detector.go:213.2,213.33 1 6
github.com/tomtom215/lyrebirdaudio-go/internal/audio/detector.go:222.46,227.16 4 4
github.com/tomtom215/lyrebirdaudio-go/internal/audio/detector.go:227.16,229.3 1 4
github.com/tomtom215/lyrebirdaudio-go/internal/audio/detector.go:231.2,231.32 1 0
github.com/tomtom215/lyrebirdaudio-go/internal/audio/detector.go:231.32,232.68 1 0
github.com/tomtom215/lyrebirdaudio-go/internal/audio/detector.go:232.68,233.12 1 0
github.com/tomtom215/lyrebirdaudio-go/internal/audio/detector.go:236.3,238.17 3 0
github.com/tomtom215/lyrebirdaudio-go/internal/audio/detector.go:238.17,239.12 1 0
github.com/tomtom215/lyrebirdaudio-go/internal/audio/detector.go:243.3,244.17 2 0
github.com/tomtom215/lyrebirdaudio-go/internal/audio/detector.go:244.17,245.12 1 0
github.com/tomtom215/lyrebirdaudio-go/internal/audio/detector.go:249.3,249.50 1 0
github.com/tomtom215/lyrebirdaudio-go/internal/audio/detector.go:249.50,251.4 1 0
github.com/tomtom215/lyrebirdaudio-go/internal/audio/detector.go:254.2,254.11 1 0
github.com/tomtom215/lyrebirdaudio-go/internal/audio/sanitize.go:32.45,37.32 1 60
github.com/tomtom215/lyrebirdaudio-go/internal/audio/sanitize.go:37.32,39.3 1 20
github.com/tomtom215/lyrebirdaudio-go/internal/audio/sanitize.go:43.2,43.20 1 40
github.com/tomtom215/lyrebirdaudio-go/internal/audio/sanitize.go:43.20,45.3 1 5
github.com/tomtom215/lyrebirdaudio-go/internal/audio/sanitize.go:49.2,59.49 4 40
github.com/tomtom215/lyrebirdaudio-go/internal/audio/sanitize.go:59.49,61.3 1 4
github.com/tomtom215/lyrebirdaudio-go/internal/audio/sanitize.go:65.2,65.21 1 40
github.com/tomtom215/lyrebirdaudio-go/internal/audio/sanitize.go:65.21,67.3 1 6
github.com/tomtom215/lyrebirdaudio-go/internal/audio/sanitize.go:69.2,69.18 1 34
github.com/tomtom215/lyrebirdaudio-go/internal/audio/sanitize.go:74.46,78.30 3 40
github.com/tomtom215/lyrebirdaudio-go/internal/audio/sanitize.go:78.30,80.24 2 777
github.com/tomtom215/lyrebirdaudio-go/internal/audio/sanitize.go:80.24,82.4 1 665
github.com/tomtom215/lyrebirdaudio-go/internal/audio/sanitize.go:82.9,84.4 1 112
github.com/tomtom215/lyrebirdaudio-go/internal/audio/sanitize.go:87.2,87.24 1 40
github.com/tomtom215/lyrebirdaudio-go/internal/audio/sanitize.go:92.43,96.2 2 40
github.com/tomtom215/lyrebirdaudio-go/internal/audio/sanitize.go:99.34,101.2 1 777
github.com/tomtom215/lyrebirdaudio-go/internal/audio/sanitize.go:104.27,106.2 1 34
github.com/tomtom215/lyrebirdaudio-go/internal/audio/sanitize.go:110.33,112.2 1 26
github.com/tomtom215/lyrebirdaudio-go/internal/lock/filelock.go:49.50,50.16 1 56
github.com/tomtom215/lyrebirdaudio-go/internal/lock/filelock.go:50.16,52.3 1 0
github.com/tomtom215/lyrebirdaudio-go/internal/lock/filelock.go:55.2,56.47 2 56
github.com/tomtom215/lyrebirdaudio-go/internal/lock/filelock.go:56.47,58.3 1 0
github.com/tomtom215/lyrebirdaudio-go/internal/lock/filelock.go:60.2,63.8 1 56
github.com/tomtom215/lyrebirdaudio-go/internal/lock/filelock.go:83.58,85.68 1 75
github.com/tomtom215/lyrebirdaudio-go/internal/lock/filelock.go:85.68,87.3 1 1
github.com/tomtom215/lyrebirdaudio-go/internal/lock/filelock.go:90.2,91.16 2 75
github.com/tomtom215/lyrebirdaudio-go/internal/lock/filelock.go:91.16,93.3 1 0
github.com/tomtom215/lyrebirdaudio-go/internal/lock/filelock.go:96.2,97.6 2 75
github.com/tomtom215/lyrebirdaudio-go/internal/lock/filelock.go:97.6,100.17 2 121
github.com/tomtom215/lyrebirdaudio-go/internal/lock/filelock.go:100.17,102.9 1 44
github.com/tomtom215/lyrebirdaudio-go/internal/lock/filelock.go:106.3,106.33 1 77
github.com/tomtom215/lyrebirdaudio-go/internal/lock/filelock.go:106.33,109.4 2 31
github.com/tomtom215/lyrebirdaudio-go/internal/lock/filelock.go:112.3,112.37 1 46
github.com/tomtom215/lyrebirdaudio-go/internal/lock/filelock.go:116.2,116.41 1 44
github.com/tomtom215/lyrebirdaudio-go/internal/lock/filelock.go:116.41,119.3 2 0
github.com/tomtom215/lyrebirdaudio-go/internal/lock/filelock.go:120.2,120.43 1 44
github.com/tomtom215/lyrebirdaudio-go/internal/lock/filelock.go:120.43,123.3 2 0
github.com/tomtom215/lyrebirdaudio-go/internal/lock/filelock.go:124.2,124.61 1 44
github.com/tomtom215/lyrebirdaudio-go/internal/lock/filelock.go:124.61,127.3 2 0
github.com/tomtom215/lyrebirdaudio-go/internal/lock/filelock.go:128.2,128.36 1 44
github.com/tomtom215/lyrebirdaudio-go/internal/lock/filelock.go:128.36,131.3 2 0
github.com/tomtom215/lyrebirdaudio-go/internal/lock/filelock.go:133.2,134.12 2 44
github.com/tomtom215/lyrebirdaudio-go/internal/lock/filelock.go:142.37,143.20 1 44
github.com/tomtom215/lyrebirdaudio-go/internal/lock/filelock.go:143.20,145.3 1 0
github.com/tomtom215/lyrebirdaudio-go/internal/lock/filelock.go:148.2,148.74 1 44
github.com/tomtom215/lyrebirdaudio-go/internal/lock/filelock.go:148.74,150.3 1 0
github.com/tomtom215/lyrebirdaudio-go/internal/lock/filelock.go:153.2,153.40 1 44
github.com/tomtom215/lyrebirdaudio-go/internal/lock/filelock.go:153.40,155.3 1 0
github.com/tomtom215/lyrebirdaudio-go/internal/lock/filelock.go:157.2,158.12 2 44
github.com/tomtom215/lyrebirdaudio-go/internal/lock/filelock.go:162.35,163.20 1 56
github.com/tomtom215/lyrebirdaudio-go/internal/lock/filelock.go:163.20,165.3 1 2
github.com/tomtom215/lyrebirdaudio-go/internal/lock/filelock.go:166.2,166.12 1 54
github.com/tomtom215/lyrebirdaudio-go/internal/lock/filelock.go:187.74,190.24 2 80
github.com/tomtom215/lyrebirdaudio-go/internal/lock/filelock.go:190.24,192.3 1 7
github.com/tomtom215/lyrebirdaudio-go/internal/lock/filelock.go:193.2,193.16 1 73
github.com/tomtom215/lyrebirdaudio-go/internal/lock/filelock.go:193.16,195.3 1 0
github.com/tomtom215/lyrebirdaudio-go/internal/lock/filelock.go:198.2,199.16 2 73
github.com/tomtom215/lyrebirdaudio-go/internal/lock/filelock.go:199.16,201.3 1 0
github.com/tomtom215/lyrebirdaudio-go/internal/lock/filelock.go:203.2,204.18 2 73
github.com/tomtom215/lyrebirdaudio-go/internal/lock/filelock.go:204.18,206.3 1 1
github.com/tomtom215/lyrebirdaudio-go/internal/lock/filelock.go:209.2,210.16 2 72
github.com/tomtom215/lyrebirdaudio-go/internal/lock/filelock.go:210.16,212.3 1 1
github.com/tomtom215/lyrebirdaudio-go/internal/lock/filelock.go:216.2,217.16 2 71
github.com/tomtom215/lyrebirdaudio-go/internal/lock/filelock.go:217.16,219.3 1 0
github.com/tomtom215/lyrebirdaudio-go/internal/lock/filelock.go:222.2,223.16 2 71
github.com/tomtom215/lyrebirdaudio-go/internal/lock/filelock.go:223.16,226.3 1 2
github.com/tomtom215/lyrebirdaudio-go/internal/lock/filelock.go:229.2,230.21 2 69
github.com/tomtom215/lyrebirdaudio-go/internal/lock/filelock.go:230.21,233.3 1 0
github.com/tomtom215/lyrebirdaudio-go/internal/lock/filelock.go:236.2,236.19 1 69
